<?xml version="1.0" encoding="UTF-8"?>
<testng-results ignored="0" total="1" passed="1" failed="0" skipped="0">
  <reporter-output>
    <line>
      <![CDATA[Database connection successful]]>
    </line>
    <line>
      <![CDATA[--Browser firefoxlaunched successfulluy--]]>
    </line>
    <line>
      <![CDATA[---login successful---]]>
    </line>
    <line>
      <![CDATA[Organization clicked]]>
    </line>
    <line>
      <![CDATA[create org look up image clicked]]>
    </line>
    <line>
      <![CDATA[New organization created]]>
    </line>
    <line>
      <![CDATA[SignOut Successfull]]>
    </line>
    <line>
      <![CDATA[---browser closed successfull---]]>
    </line>
    <line>
      <![CDATA[---database closed successfull---]]>
    </line>
  </reporter-output>
  <suite started-at="2022-09-16T18:12:14 IST" name="Suite" finished-at="2022-09-16T18:13:00 IST" duration-ms="45386">
    <groups>
      <group name="SmokeSuite">
        <method signature="CreateOrganizationTest.createOrgTest()[pri:0, instance:vtiger.OrganizationsTests.CreateOrganizationTest@4fb61f4a]" name="createOrgTest" class="vtiger.OrganizationsTests.CreateOrganizationTest"/>
      </group> <!-- SmokeSuite -->
    </groups>
    <test started-at="2022-09-16T18:12:14 IST" name="Test" finished-at="2022-09-16T18:13:00 IST" duration-ms="45386">
      <class name="vtiger.OrganizationsTests.CreateOrganizationTest">
        <test-method is-config="true" signature="bsConfig()[pri:0, instance:vtiger.OrganizationsTests.CreateOrganizationTest@4fb61f4a]" started-at="2022-09-16T18:12:14 IST" name="bsConfig" finished-at="2022-09-16T18:12:14 IST" duration-ms="25" status="PASS">
          <reporter-output>
            <line>
              <![CDATA[Database connection successful]]>
            </line>
          </reporter-output>
        </test-method> <!-- bsConfig -->
        <test-method is-config="true" signature="bcConfig()[pri:0, instance:vtiger.OrganizationsTests.CreateOrganizationTest@4fb61f4a]" started-at="2022-09-16T18:12:15 IST" name="bcConfig" finished-at="2022-09-16T18:12:26 IST" duration-ms="11047" status="PASS">
          <reporter-output>
            <line>
              <![CDATA[--Browser firefoxlaunched successfulluy--]]>
            </line>
          </reporter-output>
        </test-method> <!-- bcConfig -->
        <test-method is-config="true" signature="bmConfig()[pri:0, instance:vtiger.OrganizationsTests.CreateOrganizationTest@4fb61f4a]" started-at="2022-09-16T18:12:26 IST" name="bmConfig" finished-at="2022-09-16T18:12:31 IST" duration-ms="4919" status="PASS">
          <reporter-output>
            <line>
              <![CDATA[---login successful---]]>
            </line>
          </reporter-output>
        </test-method> <!-- bmConfig -->
        <test-method signature="createOrgTest()[pri:0, instance:vtiger.OrganizationsTests.CreateOrganizationTest@4fb61f4a]" started-at="2022-09-16T18:12:31 IST" name="createOrgTest" finished-at="2022-09-16T18:12:55 IST" duration-ms="24127" status="PASS">
          <reporter-output>
            <line>
              <![CDATA[Organization clicked]]>
            </line>
            <line>
              <![CDATA[create org look up image clicked]]>
            </line>
            <line>
              <![CDATA[New organization created]]>
            </line>
          </reporter-output>
        </test-method> <!-- createOrgTest -->
        <test-method is-config="true" signature="amConfig()[pri:0, instance:vtiger.OrganizationsTests.CreateOrganizationTest@4fb61f4a]" started-at="2022-09-16T18:12:55 IST" name="amConfig" finished-at="2022-09-16T18:12:58 IST" duration-ms="2494" status="PASS">
          <reporter-output>
            <line>
              <![CDATA[SignOut Successfull]]>
            </line>
          </reporter-output>
        </test-method> <!-- amConfig -->
        <test-method is-config="true" signature="acConfig()[pri:0, instance:vtiger.OrganizationsTests.CreateOrganizationTest@4fb61f4a]" started-at="2022-09-16T18:12:58 IST" name="acConfig" finished-at="2022-09-16T18:13:00 IST" duration-ms="1886" status="PASS">
          <reporter-output>
            <line>
              <![CDATA[---browser closed successfull---]]>
            </line>
          </reporter-output>
        </test-method> <!-- acConfig -->
        <test-method is-config="true" signature="asConfig()[pri:0, instance:vtiger.OrganizationsTests.CreateOrganizationTest@4fb61f4a]" started-at="2022-09-16T18:13:01 IST" name="asConfig" finished-at="2022-09-16T18:13:01 IST" duration-ms="0" status="PASS">
          <reporter-output>
            <line>
              <![CDATA[---database closed successfull---]]>
            </line>
          </reporter-output>
        </test-method> <!-- asConfig -->
      </class> <!-- vtiger.OrganizationsTests.CreateOrganizationTest -->
    </test> <!-- Test -->
  </suite> <!-- Suite -->
</testng-results>
