<?xml version="1.0" encoding="UTF-8"?>
<testng-results ignored="0" total="1" passed="1" failed="0" skipped="0">
  <reporter-output>
    <line>
      <![CDATA[Database connection successful]]>
    </line>
    <line>
      <![CDATA[--Browser firefoxlaunched successfulluy--]]>
    </line>
    <line>
      <![CDATA[---login successful---]]>
    </line>
    <line>
      <![CDATA[Organization clicked]]>
    </line>
    <line>
      <![CDATA[create org look up image clicked]]>
    </line>
    <line>
      <![CDATA[New organization created]]>
    </line>
    <line>
      <![CDATA[SignOut Successfull]]>
    </line>
    <line>
      <![CDATA[---browser closed successfull---]]>
    </line>
    <line>
      <![CDATA[---database closed successfull---]]>
    </line>
  </reporter-output>
  <suite started-at="2022-09-16T18:41:16 IST" name="Default suite" finished-at="2022-09-16T18:42:06 IST" duration-ms="49686">
    <groups>
      <group name="RegressionSuit">
        <method signature="CreateOrganizationWithIndustryDropDownTest.createOrgTest()[pri:0, instance:vtiger.OrganizationsTests.CreateOrganizationWithIndustryDropDownTest@2e005c4b]" name="createOrgTest" class="vtiger.OrganizationsTests.CreateOrganizationWithIndustryDropDownTest"/>
      </group> <!-- RegressionSuit -->
      <group name="SmokeSuit">
        <method signature="CreateOrganizationWithIndustryDropDownTest.createOrgTest()[pri:0, instance:vtiger.OrganizationsTests.CreateOrganizationWithIndustryDropDownTest@2e005c4b]" name="createOrgTest" class="vtiger.OrganizationsTests.CreateOrganizationWithIndustryDropDownTest"/>
      </group> <!-- SmokeSuit -->
    </groups>
    <test started-at="2022-09-16T18:41:16 IST" name="Default test" finished-at="2022-09-16T18:42:06 IST" duration-ms="49686">
      <class name="vtiger.OrganizationsTests.CreateOrganizationWithIndustryDropDownTest">
        <test-method is-config="true" signature="bsConfig()[pri:0, instance:vtiger.OrganizationsTests.CreateOrganizationWithIndustryDropDownTest@2e005c4b]" started-at="2022-09-16T18:41:16 IST" name="bsConfig" finished-at="2022-09-16T18:41:16 IST" duration-ms="22" status="PASS">
          <reporter-output>
            <line>
              <![CDATA[Database connection successful]]>
            </line>
          </reporter-output>
        </test-method> <!-- bsConfig -->
        <test-method is-config="true" signature="bcConfig()[pri:0, instance:vtiger.OrganizationsTests.CreateOrganizationWithIndustryDropDownTest@2e005c4b]" started-at="2022-09-16T18:41:17 IST" name="bcConfig" finished-at="2022-09-16T18:41:27 IST" duration-ms="10135" status="PASS">
          <reporter-output>
            <line>
              <![CDATA[--Browser firefoxlaunched successfulluy--]]>
            </line>
          </reporter-output>
        </test-method> <!-- bcConfig -->
        <test-method is-config="true" signature="bmConfig()[pri:0, instance:vtiger.OrganizationsTests.CreateOrganizationWithIndustryDropDownTest@2e005c4b]" started-at="2022-09-16T18:41:27 IST" name="bmConfig" finished-at="2022-09-16T18:41:33 IST" duration-ms="6010" status="PASS">
          <reporter-output>
            <line>
              <![CDATA[---login successful---]]>
            </line>
          </reporter-output>
        </test-method> <!-- bmConfig -->
        <test-method signature="createOrgTest()[pri:0, instance:vtiger.OrganizationsTests.CreateOrganizationWithIndustryDropDownTest@2e005c4b]" started-at="2022-09-16T18:41:33 IST" name="createOrgTest" finished-at="2022-09-16T18:42:00 IST" duration-ms="26604" status="PASS">
          <reporter-output>
            <line>
              <![CDATA[Organization clicked]]>
            </line>
            <line>
              <![CDATA[create org look up image clicked]]>
            </line>
            <line>
              <![CDATA[New organization created]]>
            </line>
          </reporter-output>
        </test-method> <!-- createOrgTest -->
        <test-method is-config="true" signature="amConfig()[pri:0, instance:vtiger.OrganizationsTests.CreateOrganizationWithIndustryDropDownTest@2e005c4b]" started-at="2022-09-16T18:42:00 IST" name="amConfig" finished-at="2022-09-16T18:42:03 IST" duration-ms="3215" status="PASS">
          <reporter-output>
            <line>
              <![CDATA[SignOut Successfull]]>
            </line>
          </reporter-output>
        </test-method> <!-- amConfig -->
        <test-method is-config="true" signature="acConfig()[pri:0, instance:vtiger.OrganizationsTests.CreateOrganizationWithIndustryDropDownTest@2e005c4b]" started-at="2022-09-16T18:42:03 IST" name="acConfig" finished-at="2022-09-16T18:42:06 IST" duration-ms="2803" status="PASS">
          <reporter-output>
            <line>
              <![CDATA[---browser closed successfull---]]>
            </line>
          </reporter-output>
        </test-method> <!-- acConfig -->
        <test-method is-config="true" signature="asConfig()[pri:0, instance:vtiger.OrganizationsTests.CreateOrganizationWithIndustryDropDownTest@2e005c4b]" started-at="2022-09-16T18:42:07 IST" name="asConfig" finished-at="2022-09-16T18:42:07 IST" duration-ms="1" status="PASS">
          <reporter-output>
            <line>
              <![CDATA[---database closed successfull---]]>
            </line>
          </reporter-output>
        </test-method> <!-- asConfig -->
      </class> <!-- vtiger.OrganizationsTests.CreateOrganizationWithIndustryDropDownTest -->
    </test> <!-- Default test -->
  </suite> <!-- Default suite -->
</testng-results>
