<?xml version="1.0" encoding="UTF-8"?>
<!-- Generated by org.testng.reporters.JUnitReportReporter -->
<testsuite hostname="DESKTOP-MLOMP2I" failures="0" tests="2" name="vtiger.ContactsTests.CreateContactTest" time="0.000" errors="0" timestamp="2022-09-08T21:30:36 IST" skipped="2">
  <testcase classname="vtiger.ContactsTests.CreateContactTest" name="createContactTest" time="0.000">
    <skipped/>
  </testcase> <!-- createContactTest -->
  <system-out/>
  <testcase classname="vtiger.ContactsTests.CreateContactTest" name="createContactTest" time="0.000">
    <skipped/>
  </testcase> <!-- createContactTest -->
  <system-out/>
</testsuite> <!-- vtiger.ContactsTests.CreateContactTest -->
