<?xml version="1.0" encoding="UTF-8"?>
<!-- Generated by org.testng.reporters.JUnitReportReporter -->
<testsuite hostname="DESKTOP-MLOMP2I" failures="0" tests="1" name="vtiger.OrganizationsTests.CreateOrganizationWithIndustryDropDownTest" time="30.898" errors="0" timestamp="2022-09-16T18:59:15 IST" skipped="0">
  <testcase classname="vtiger.OrganizationsTests.CreateOrganizationWithIndustryDropDownTest" name="createOrgTest" time="30.898"/>
  <system-out>
    <![CDATA[Organization clicked
create org look up image clicked
New organization created]]>
  </system-out>
</testsuite> <!-- vtiger.OrganizationsTests.CreateOrganizationWithIndustryDropDownTest -->
