<?xml version="1.0" encoding="UTF-8"?>
<!-- Generated by org.testng.reporters.JUnitReportReporter -->
<testsuite hostname="DESKTOP-MLOMP2I" failures="0" tests="1" name="vtiger.OrganizationsTests.CreateOrganizationTest" time="31.540" errors="0" timestamp="2022-09-16T18:13:01 IST" skipped="0">
  <testcase classname="vtiger.OrganizationsTests.CreateOrganizationTest" name="createOrgTest" time="31.540"/>
  <system-out>
    <![CDATA[Organization clicked
create org look up image clicked
New organization created]]>
  </system-out>
</testsuite> <!-- vtiger.OrganizationsTests.CreateOrganizationTest -->
